2019-06-24 10:24:07,923 [Worker-92] INFO  o.e.m.c.i.p.ProjectConfigurationManager - Collecting project info '/pom.xml' C:\Users\srinivas1\Desktop\May1030Batch\OrangeHRMAppl\pom.xml
2019-06-24 10:24:28,002 [Worker-92] INFO  o.e.m.c.i.l.LifecycleMappingFactory - Using org.eclipse.m2e.jdt.JarLifecycleMapping lifecycle mapping for MavenProject: com:OrangeHRMAppl:0.0.1-SNAPSHOT @ C:\Users\srinivas1\Desktop\May1030Batch\OrangeHRMAppl\pom.xml.
2019-06-24 10:24:35,686 [Worker-92] INFO  o.e.m.j.i.AbstractJavaProjectConfigurator - Adding source folder /OrangeHRMAppl/src/main/java
2019-06-24 10:24:35,718 [Worker-92] INFO  o.e.m.j.i.AbstractJavaProjectConfigurator - Adding source folder /OrangeHRMAppl/src/test/java
2019-06-24 10:24:38,224 [Worker-92] INFO  o.e.m.c.i.p.ProjectConfigurationManager - Imported and configured 1 project(s) in 29 sec
2019-06-24 10:24:42,072 [Worker-94] INFO  o.e.m.c.i.embedder.EclipseLogger - Using 'UTF-8' encoding to copy filtered resources.
2019-06-24 10:24:42,072 [Worker-94] INFO  o.e.m.c.i.embedder.EclipseLogger - skip non existing resourceDirectory C:\Users\srinivas1\Desktop\May1030Batch\OrangeHRMAppl\src\main\resources
2019-06-24 10:24:42,072 [Worker-94] INFO  o.e.m.c.i.embedder.EclipseLogger - Using 'UTF-8' encoding to copy filtered resources.
2019-06-24 10:24:42,072 [Worker-94] INFO  o.e.m.c.i.embedder.EclipseLogger - skip non existing resourceDirectory C:\Users\srinivas1\Desktop\May1030Batch\OrangeHRMAppl\src\test\resources
2019-06-24 10:31:37,296 [Worker-98] INFO  o.e.m.c.i.l.LifecycleMappingFactory - Using org.eclipse.m2e.jdt.JarLifecycleMapping lifecycle mapping for MavenProject: com:OrangeHRMAppl:0.0.1-SNAPSHOT @ C:\Users\srinivas1\Desktop\May1030Batch\OrangeHRMAppl\pom.xml.
2019-06-24 10:31:56,041 [Worker-98] INFO  o.e.m.c.i.embedder.EclipseLogger - Using 'UTF-8' encoding to copy filtered resources.
2019-06-24 10:31:56,057 [Worker-98] INFO  o.e.m.c.i.embedder.EclipseLogger - skip non existing resourceDirectory C:\Users\srinivas1\Desktop\May1030Batch\OrangeHRMAppl\src\main\resources
2019-06-24 10:31:56,057 [Worker-98] INFO  o.e.m.c.i.embedder.EclipseLogger - Using 'UTF-8' encoding to copy filtered resources.
2019-06-24 10:31:56,057 [Worker-98] INFO  o.e.m.c.i.embedder.EclipseLogger - skip non existing resourceDirectory C:\Users\srinivas1\Desktop\May1030Batch\OrangeHRMAppl\src\test\resources
2019-06-24 10:31:59,394 [Worker-83] INFO  o.e.m.c.i.embedder.EclipseLogger - Using 'UTF-8' encoding to copy filtered resources.
2019-06-24 10:31:59,394 [Worker-83] INFO  o.e.m.c.i.embedder.EclipseLogger - skip non existing resourceDirectory C:\Users\srinivas1\Desktop\May1030Batch\OrangeHRMAppl\src\main\resources
2019-06-24 10:31:59,405 [Worker-83] INFO  o.e.m.c.i.embedder.EclipseLogger - Using 'UTF-8' encoding to copy filtered resources.
2019-06-24 10:31:59,405 [Worker-83] INFO  o.e.m.c.i.embedder.EclipseLogger - skip non existing resourceDirectory C:\Users\srinivas1\Desktop\May1030Batch\OrangeHRMAppl\src\test\resources
2019-06-24 10:33:19,390 [Worker-101] INFO  o.e.m.c.i.l.LifecycleMappingFactory - Using org.eclipse.m2e.jdt.JarLifecycleMapping lifecycle mapping for MavenProject: com:OrangeHRMAppl:0.0.1-SNAPSHOT @ C:\Users\srinivas1\Desktop\May1030Batch\OrangeHRMAppl\pom.xml.
2019-06-24 10:33:20,797 [Worker-101] INFO  o.e.m.c.i.embedder.EclipseLogger - Using 'UTF-8' encoding to copy filtered resources.
2019-06-24 10:33:20,797 [Worker-101] INFO  o.e.m.c.i.embedder.EclipseLogger - skip non existing resourceDirectory C:\Users\srinivas1\Desktop\May1030Batch\OrangeHRMAppl\src\main\resources
2019-06-24 10:33:20,812 [Worker-101] INFO  o.e.m.c.i.embedder.EclipseLogger - Using 'UTF-8' encoding to copy filtered resources.
2019-06-24 10:33:20,812 [Worker-101] INFO  o.e.m.c.i.embedder.EclipseLogger - skip non existing resourceDirectory C:\Users\srinivas1\Desktop\May1030Batch\OrangeHRMAppl\src\test\resources
2019-06-24 10:33:22,713 [Worker-83] INFO  o.e.m.c.i.embedder.EclipseLogger - Using 'UTF-8' encoding to copy filtered resources.
2019-06-24 10:33:22,715 [Worker-83] INFO  o.e.m.c.i.embedder.EclipseLogger - skip non existing resourceDirectory C:\Users\srinivas1\Desktop\May1030Batch\OrangeHRMAppl\src\main\resources
2019-06-24 10:33:22,735 [Worker-83] INFO  o.e.m.c.i.embedder.EclipseLogger - Using 'UTF-8' encoding to copy filtered resources.
2019-06-24 10:33:22,745 [Worker-83] INFO  o.e.m.c.i.embedder.EclipseLogger - skip non existing resourceDirectory C:\Users\srinivas1\Desktop\May1030Batch\OrangeHRMAppl\src\test\resources
2019-06-24 10:34:43,233 [Worker-101] INFO  o.e.m.c.i.embedder.EclipseLogger - Using 'UTF-8' encoding to copy filtered resources.
2019-06-24 10:34:43,248 [Worker-101] INFO  o.e.m.c.i.embedder.EclipseLogger - skip non existing resourceDirectory C:\Users\srinivas1\Desktop\May1030Batch\OrangeHRMAppl\src\main\resources
2019-06-24 10:34:43,264 [Worker-101] INFO  o.e.m.c.i.embedder.EclipseLogger - Using 'UTF-8' encoding to copy filtered resources.
2019-06-24 10:34:43,280 [Worker-101] INFO  o.e.m.c.i.embedder.EclipseLogger - skip non existing resourceDirectory C:\Users\srinivas1\Desktop\May1030Batch\OrangeHRMAppl\src\test\resources
2019-06-24 10:34:54,004 [Worker-99] INFO  o.e.m.c.i.embedder.EclipseLogger - Using 'UTF-8' encoding to copy filtered resources.
2019-06-24 10:34:54,004 [Worker-99] INFO  o.e.m.c.i.embedder.EclipseLogger - skip non existing resourceDirectory C:\Users\srinivas1\Desktop\May1030Batch\OrangeHRMAppl\src\main\resources
2019-06-24 10:34:54,027 [Worker-99] INFO  o.e.m.c.i.embedder.EclipseLogger - Using 'UTF-8' encoding to copy filtered resources.
2019-06-24 10:34:54,042 [Worker-99] INFO  o.e.m.c.i.embedder.EclipseLogger - skip non existing resourceDirectory C:\Users\srinivas1\Desktop\May1030Batch\OrangeHRMAppl\src\test\resources
2019-06-24 10:34:58,769 [Worker-99] INFO  o.e.m.c.i.embedder.EclipseLogger - Using 'UTF-8' encoding to copy filtered resources.
2019-06-24 10:34:58,769 [Worker-99] INFO  o.e.m.c.i.embedder.EclipseLogger - skip non existing resourceDirectory C:\Users\srinivas1\Desktop\May1030Batch\OrangeHRMAppl\src\main\resources
2019-06-24 10:34:58,785 [Worker-99] INFO  o.e.m.c.i.embedder.EclipseLogger - Using 'UTF-8' encoding to copy filtered resources.
2019-06-24 10:34:58,800 [Worker-99] INFO  o.e.m.c.i.embedder.EclipseLogger - skip non existing resourceDirectory C:\Users\srinivas1\Desktop\May1030Batch\OrangeHRMAppl\src\test\resources
2019-06-24 10:35:18,898 [Worker-83] INFO  o.e.m.c.i.embedder.EclipseLogger - Using 'UTF-8' encoding to copy filtered resources.
2019-06-24 10:35:18,898 [Worker-83] INFO  o.e.m.c.i.embedder.EclipseLogger - skip non existing resourceDirectory C:\Users\srinivas1\Desktop\May1030Batch\OrangeHRMAppl\src\main\resources
2019-06-24 10:35:18,914 [Worker-83] INFO  o.e.m.c.i.embedder.EclipseLogger - Using 'UTF-8' encoding to copy filtered resources.
2019-06-24 10:35:18,929 [Worker-83] INFO  o.e.m.c.i.embedder.EclipseLogger - skip non existing resourceDirectory C:\Users\srinivas1\Desktop\May1030Batch\OrangeHRMAppl\src\test\resources
2019-06-24 10:37:03,795 [Worker-105] INFO  o.e.m.c.i.embedder.EclipseLogger - Using 'UTF-8' encoding to copy filtered resources.
2019-06-24 10:37:03,810 [Worker-105] INFO  o.e.m.c.i.embedder.EclipseLogger - skip non existing resourceDirectory C:\Users\srinivas1\Desktop\May1030Batch\OrangeHRMAppl\src\main\resources
2019-06-24 10:37:03,810 [Worker-105] INFO  o.e.m.c.i.embedder.EclipseLogger - Using 'UTF-8' encoding to copy filtered resources.
2019-06-24 10:37:03,826 [Worker-105] INFO  o.e.m.c.i.embedder.EclipseLogger - skip non existing resourceDirectory C:\Users\srinivas1\Desktop\May1030Batch\OrangeHRMAppl\src\test\resources
2019-06-24 10:37:14,872 [Worker-99] INFO  o.e.m.c.i.embedder.EclipseLogger - Using 'UTF-8' encoding to copy filtered resources.
2019-06-24 10:37:14,887 [Worker-99] INFO  o.e.m.c.i.embedder.EclipseLogger - skip non existing resourceDirectory C:\Users\srinivas1\Desktop\May1030Batch\OrangeHRMAppl\src\main\resources
2019-06-24 10:37:14,887 [Worker-99] INFO  o.e.m.c.i.embedder.EclipseLogger - Using 'UTF-8' encoding to copy filtered resources.
2019-06-24 10:37:14,903 [Worker-99] INFO  o.e.m.c.i.embedder.EclipseLogger - skip non existing resourceDirectory C:\Users\srinivas1\Desktop\May1030Batch\OrangeHRMAppl\src\test\resources
2019-06-24 10:37:49,354 [Worker-105] INFO  o.e.m.c.i.embedder.EclipseLogger - Using 'UTF-8' encoding to copy filtered resources.
2019-06-24 10:37:49,405 [Worker-105] INFO  o.e.m.c.i.embedder.EclipseLogger - skip non existing resourceDirectory C:\Users\srinivas1\Desktop\May1030Batch\OrangeHRMAppl\src\main\resources
2019-06-24 10:37:49,415 [Worker-105] INFO  o.e.m.c.i.embedder.EclipseLogger - Using 'UTF-8' encoding to copy filtered resources.
2019-06-24 10:37:49,433 [Worker-105] INFO  o.e.m.c.i.embedder.EclipseLogger - skip non existing resourceDirectory C:\Users\srinivas1\Desktop\May1030Batch\OrangeHRMAppl\src\test\resources
2019-06-24 10:38:05,819 [Worker-83] INFO  o.e.m.c.i.embedder.EclipseLogger - Using 'UTF-8' encoding to copy filtered resources.
2019-06-24 10:38:05,819 [Worker-83] INFO  o.e.m.c.i.embedder.EclipseLogger - skip non existing resourceDirectory C:\Users\srinivas1\Desktop\May1030Batch\OrangeHRMAppl\src\main\resources
2019-06-24 10:38:05,834 [Worker-83] INFO  o.e.m.c.i.embedder.EclipseLogger - Using 'UTF-8' encoding to copy filtered resources.
2019-06-24 10:38:05,834 [Worker-83] INFO  o.e.m.c.i.embedder.EclipseLogger - skip non existing resourceDirectory C:\Users\srinivas1\Desktop\May1030Batch\OrangeHRMAppl\src\test\resources
2019-06-24 10:38:21,963 [Worker-106] INFO  o.e.m.c.i.embedder.EclipseLogger - Using 'UTF-8' encoding to copy filtered resources.
2019-06-24 10:38:21,979 [Worker-106] INFO  o.e.m.c.i.embedder.EclipseLogger - skip non existing resourceDirectory C:\Users\srinivas1\Desktop\May1030Batch\OrangeHRMAppl\src\main\resources
2019-06-24 10:38:21,979 [Worker-106] INFO  o.e.m.c.i.embedder.EclipseLogger - Using 'UTF-8' encoding to copy filtered resources.
2019-06-24 10:38:21,994 [Worker-106] INFO  o.e.m.c.i.embedder.EclipseLogger - skip non existing resourceDirectory C:\Users\srinivas1\Desktop\May1030Batch\OrangeHRMAppl\src\test\resources
2019-06-24 10:38:30,290 [Worker-101] INFO  o.e.m.c.i.embedder.EclipseLogger - Using 'UTF-8' encoding to copy filtered resources.
2019-06-24 10:38:30,305 [Worker-101] INFO  o.e.m.c.i.embedder.EclipseLogger - skip non existing resourceDirectory C:\Users\srinivas1\Desktop\May1030Batch\OrangeHRMAppl\src\main\resources
2019-06-24 10:38:30,305 [Worker-101] INFO  o.e.m.c.i.embedder.EclipseLogger - Using 'UTF-8' encoding to copy filtered resources.
2019-06-24 10:38:30,305 [Worker-101] INFO  o.e.m.c.i.embedder.EclipseLogger - skip non existing resourceDirectory C:\Users\srinivas1\Desktop\May1030Batch\OrangeHRMAppl\src\test\resources
2019-06-24 10:44:39,216 [Worker-101] INFO  o.e.m.c.i.p.ProjectConfigurationManager - Collecting project info '/pom.xml' C:\Users\srinivas1\Desktop\May1030Batch\NewTest\pom.xml
2019-06-24 10:44:39,517 [Worker-101] INFO  o.e.m.c.i.l.LifecycleMappingFactory - Using org.eclipse.m2e.jdt.JarLifecycleMapping lifecycle mapping for MavenProject: comm:NewTest:0.0.1-SNAPSHOT @ C:\Users\srinivas1\Desktop\May1030Batch\NewTest\pom.xml.
2019-06-24 10:44:40,932 [Worker-101] INFO  o.e.m.j.i.AbstractJavaProjectConfigurator - Adding source folder /NewTest/src/main/java
2019-06-24 10:44:41,001 [Worker-101] INFO  o.e.m.j.i.AbstractJavaProjectConfigurator - Adding source folder /NewTest/src/test/java
2019-06-24 10:44:41,264 [Worker-101] INFO  o.e.m.c.i.p.ProjectConfigurationManager - Imported and configured 1 project(s) in 2 sec
2019-06-24 10:44:42,267 [Worker-113] INFO  o.e.m.c.i.embedder.EclipseLogger - Using 'UTF-8' encoding to copy filtered resources.
2019-06-24 10:44:42,267 [Worker-113] INFO  o.e.m.c.i.embedder.EclipseLogger - skip non existing resourceDirectory C:\Users\srinivas1\Desktop\May1030Batch\NewTest\src\main\resources
2019-06-24 10:44:42,298 [Worker-113] INFO  o.e.m.c.i.embedder.EclipseLogger - Using 'UTF-8' encoding to copy filtered resources.
2019-06-24 10:44:42,305 [Worker-113] INFO  o.e.m.c.i.embedder.EclipseLogger - skip non existing resourceDirectory C:\Users\srinivas1\Desktop\May1030Batch\NewTest\src\test\resources
2019-06-24 10:53:06,326 [Worker-118] INFO  o.e.m.c.i.embedder.EclipseLogger - Using 'UTF-8' encoding to copy filtered resources.
2019-06-24 10:53:06,326 [Worker-118] INFO  o.e.m.c.i.embedder.EclipseLogger - skip non existing resourceDirectory C:\Users\srinivas1\Desktop\May1030Batch\OrangeHRMAppl\src\main\resources
2019-06-24 10:53:06,326 [Worker-118] INFO  o.e.m.c.i.embedder.EclipseLogger - Using 'UTF-8' encoding to copy filtered resources.
2019-06-24 10:53:06,326 [Worker-118] INFO  o.e.m.c.i.embedder.EclipseLogger - skip non existing resourceDirectory C:\Users\srinivas1\Desktop\May1030Batch\OrangeHRMAppl\src\test\resources
2019-06-24 10:54:26,153 [Worker-117] INFO  o.e.m.c.i.embedder.EclipseLogger - Using 'UTF-8' encoding to copy filtered resources.
2019-06-24 10:54:26,153 [Worker-117] INFO  o.e.m.c.i.embedder.EclipseLogger - skip non existing resourceDirectory C:\Users\srinivas1\Desktop\May1030Batch\OrangeHRMAppl\src\main\resources
2019-06-24 10:54:26,169 [Worker-117] INFO  o.e.m.c.i.embedder.EclipseLogger - Using 'UTF-8' encoding to copy filtered resources.
2019-06-24 10:54:26,169 [Worker-117] INFO  o.e.m.c.i.embedder.EclipseLogger - skip non existing resourceDirectory C:\Users\srinivas1\Desktop\May1030Batch\OrangeHRMAppl\src\test\resources
2019-06-24 10:55:00,777 [Worker-116] INFO  o.e.m.c.i.embedder.EclipseLogger - Using 'UTF-8' encoding to copy filtered resources.
2019-06-24 10:55:00,777 [Worker-116] INFO  o.e.m.c.i.embedder.EclipseLogger - skip non existing resourceDirectory C:\Users\srinivas1\Desktop\May1030Batch\OrangeHRMAppl\src\main\resources
2019-06-24 10:55:00,777 [Worker-116] INFO  o.e.m.c.i.embedder.EclipseLogger - Using 'UTF-8' encoding to copy filtered resources.
2019-06-24 10:55:00,777 [Worker-116] INFO  o.e.m.c.i.embedder.EclipseLogger - skip non existing resourceDirectory C:\Users\srinivas1\Desktop\May1030Batch\OrangeHRMAppl\src\test\resources
2019-06-24 10:55:18,583 [Worker-115] INFO  o.e.m.c.i.embedder.EclipseLogger - Using 'UTF-8' encoding to copy filtered resources.
2019-06-24 10:55:18,583 [Worker-115] INFO  o.e.m.c.i.embedder.EclipseLogger - skip non existing resourceDirectory C:\Users\srinivas1\Desktop\May1030Batch\OrangeHRMAppl\src\main\resources
2019-06-24 10:55:18,598 [Worker-115] INFO  o.e.m.c.i.embedder.EclipseLogger - Using 'UTF-8' encoding to copy filtered resources.
2019-06-24 10:55:18,598 [Worker-115] INFO  o.e.m.c.i.embedder.EclipseLogger - skip non existing resourceDirectory C:\Users\srinivas1\Desktop\May1030Batch\OrangeHRMAppl\src\test\resources
2019-06-24 10:59:27,470 [Worker-117] INFO  o.e.m.c.i.embedder.EclipseLogger - Using 'UTF-8' encoding to copy filtered resources.
2019-06-24 10:59:27,470 [Worker-117] INFO  o.e.m.c.i.embedder.EclipseLogger - skip non existing resourceDirectory C:\Users\srinivas1\Desktop\May1030Batch\OrangeHRMAppl\src\main\resources
2019-06-24 10:59:27,470 [Worker-117] INFO  o.e.m.c.i.embedder.EclipseLogger - Using 'UTF-8' encoding to copy filtered resources.
2019-06-24 10:59:27,470 [Worker-117] INFO  o.e.m.c.i.embedder.EclipseLogger - skip non existing resourceDirectory C:\Users\srinivas1\Desktop\May1030Batch\OrangeHRMAppl\src\test\resources
2019-06-24 11:04:19,508 [Worker-120] INFO  o.e.m.c.i.l.LifecycleMappingFactory - Using org.eclipse.m2e.jdt.JarLifecycleMapping lifecycle mapping for MavenProject: com:OrangeHRMAppl:0.0.1-SNAPSHOT @ C:\Users\srinivas1\Desktop\May1030Batch\OrangeHRMAppl\pom.xml.
2019-06-24 11:04:21,631 [Worker-120] INFO  o.e.m.c.i.embedder.EclipseLogger - Using 'UTF-8' encoding to copy filtered resources.
2019-06-24 11:04:21,638 [Worker-120] INFO  o.e.m.c.i.embedder.EclipseLogger - skip non existing resourceDirectory C:\Users\srinivas1\Desktop\May1030Batch\OrangeHRMAppl\src\main\resources
2019-06-24 11:04:21,647 [Worker-120] INFO  o.e.m.c.i.embedder.EclipseLogger - Using 'UTF-8' encoding to copy filtered resources.
2019-06-24 11:04:21,652 [Worker-120] INFO  o.e.m.c.i.embedder.EclipseLogger - skip non existing resourceDirectory C:\Users\srinivas1\Desktop\May1030Batch\OrangeHRMAppl\src\test\resources
2019-06-24 11:04:23,373 [Worker-120] INFO  o.e.m.c.i.embedder.EclipseLogger - Using 'UTF-8' encoding to copy filtered resources.
2019-06-24 11:04:23,374 [Worker-120] INFO  o.e.m.c.i.embedder.EclipseLogger - skip non existing resourceDirectory C:\Users\srinivas1\Desktop\May1030Batch\OrangeHRMAppl\src\main\resources
2019-06-24 11:04:23,376 [Worker-120] INFO  o.e.m.c.i.embedder.EclipseLogger - Using 'UTF-8' encoding to copy filtered resources.
2019-06-24 11:04:23,391 [Worker-120] INFO  o.e.m.c.i.embedder.EclipseLogger - skip non existing resourceDirectory C:\Users\srinivas1\Desktop\May1030Batch\OrangeHRMAppl\src\test\resources
2019-06-24 11:05:33,252 [Worker-122] INFO  o.e.m.c.i.embedder.EclipseLogger - Using 'UTF-8' encoding to copy filtered resources.
2019-06-24 11:05:33,252 [Worker-122] INFO  o.e.m.c.i.embedder.EclipseLogger - skip non existing resourceDirectory C:\Users\srinivas1\Desktop\May1030Batch\OrangeHRMAppl\src\main\resources
2019-06-24 11:05:33,252 [Worker-122] INFO  o.e.m.c.i.embedder.EclipseLogger - Using 'UTF-8' encoding to copy filtered resources.
2019-06-24 11:05:33,268 [Worker-122] INFO  o.e.m.c.i.embedder.EclipseLogger - skip non existing resourceDirectory C:\Users\srinivas1\Desktop\May1030Batch\OrangeHRMAppl\src\test\resources
2019-06-24 11:08:02,867 [Worker-123] INFO  o.e.m.c.i.embedder.EclipseLogger - Using 'UTF-8' encoding to copy filtered resources.
2019-06-24 11:08:02,867 [Worker-123] INFO  o.e.m.c.i.embedder.EclipseLogger - skip non existing resourceDirectory C:\Users\srinivas1\Desktop\May1030Batch\OrangeHRMAppl\src\main\resources
2019-06-24 11:08:02,867 [Worker-123] INFO  o.e.m.c.i.embedder.EclipseLogger - Using 'UTF-8' encoding to copy filtered resources.
2019-06-24 11:08:02,883 [Worker-123] INFO  o.e.m.c.i.embedder.EclipseLogger - skip non existing resourceDirectory C:\Users\srinivas1\Desktop\May1030Batch\OrangeHRMAppl\src\test\resources
2019-06-24 11:10:57,525 [Worker-126] INFO  o.e.m.c.i.embedder.EclipseLogger - Using 'UTF-8' encoding to copy filtered resources.
2019-06-24 11:10:57,541 [Worker-126] INFO  o.e.m.c.i.embedder.EclipseLogger - skip non existing resourceDirectory C:\Users\srinivas1\Desktop\May1030Batch\OrangeHRMAppl\src\main\resources
2019-06-24 11:10:57,556 [Worker-126] INFO  o.e.m.c.i.embedder.EclipseLogger - Using 'UTF-8' encoding to copy filtered resources.
2019-06-24 11:10:57,563 [Worker-126] INFO  o.e.m.c.i.embedder.EclipseLogger - skip non existing resourceDirectory C:\Users\srinivas1\Desktop\May1030Batch\OrangeHRMAppl\src\test\resources
2019-06-24 11:16:26,037 [Worker-128] INFO  o.e.m.c.i.embedder.EclipseLogger - Using 'UTF-8' encoding to copy filtered resources.
2019-06-24 11:16:26,037 [Worker-128] INFO  o.e.m.c.i.embedder.EclipseLogger - skip non existing resourceDirectory C:\Users\srinivas1\Desktop\May1030Batch\OrangeHRMAppl\src\main\resources
2019-06-24 11:16:26,037 [Worker-128] INFO  o.e.m.c.i.embedder.EclipseLogger - Using 'UTF-8' encoding to copy filtered resources.
2019-06-24 11:16:26,052 [Worker-128] INFO  o.e.m.c.i.embedder.EclipseLogger - skip non existing resourceDirectory C:\Users\srinivas1\Desktop\May1030Batch\OrangeHRMAppl\src\test\resources
2019-06-24 11:21:30,179 [Worker-128] INFO  o.e.m.c.i.embedder.EclipseLogger - Using 'UTF-8' encoding to copy filtered resources.
2019-06-24 11:21:30,179 [Worker-128] INFO  o.e.m.c.i.embedder.EclipseLogger - skip non existing resourceDirectory C:\Users\srinivas1\Desktop\May1030Batch\OrangeHRMAppl\src\main\resources
2019-06-24 11:21:30,194 [Worker-128] INFO  o.e.m.c.i.embedder.EclipseLogger - Using 'UTF-8' encoding to copy filtered resources.
2019-06-24 11:21:30,194 [Worker-128] INFO  o.e.m.c.i.embedder.EclipseLogger - skip non existing resourceDirectory C:\Users\srinivas1\Desktop\May1030Batch\OrangeHRMAppl\src\test\resources
2019-06-24 11:23:46,893 [Worker-128] INFO  o.e.m.c.i.embedder.EclipseLogger - Using 'UTF-8' encoding to copy filtered resources.
2019-06-24 11:23:46,893 [Worker-128] INFO  o.e.m.c.i.embedder.EclipseLogger - skip non existing resourceDirectory C:\Users\srinivas1\Desktop\May1030Batch\OrangeHRMAppl\src\main\resources
2019-06-24 11:23:46,893 [Worker-128] INFO  o.e.m.c.i.embedder.EclipseLogger - Using 'UTF-8' encoding to copy filtered resources.
2019-06-24 11:23:46,893 [Worker-128] INFO  o.e.m.c.i.embedder.EclipseLogger - skip non existing resourceDirectory C:\Users\srinivas1\Desktop\May1030Batch\OrangeHRMAppl\src\test\resources
2019-06-24 11:24:32,651 [Worker-131] INFO  o.e.m.c.i.embedder.EclipseLogger - Using 'UTF-8' encoding to copy filtered resources.
2019-06-24 11:24:32,651 [Worker-131] INFO  o.e.m.c.i.embedder.EclipseLogger - skip non existing resourceDirectory C:\Users\srinivas1\Desktop\May1030Batch\OrangeHRMAppl\src\main\resources
2019-06-24 11:24:32,651 [Worker-131] INFO  o.e.m.c.i.embedder.EclipseLogger - Using 'UTF-8' encoding to copy filtered resources.
2019-06-24 11:24:32,667 [Worker-131] INFO  o.e.m.c.i.embedder.EclipseLogger - skip non existing resourceDirectory C:\Users\srinivas1\Desktop\May1030Batch\OrangeHRMAppl\src\test\resources
2019-06-24 11:26:02,649 [Worker-127] INFO  o.e.m.c.i.embedder.EclipseLogger - Using 'UTF-8' encoding to copy filtered resources.
2019-06-24 11:26:02,649 [Worker-127] INFO  o.e.m.c.i.embedder.EclipseLogger - skip non existing resourceDirectory C:\Users\srinivas1\Desktop\May1030Batch\OrangeHRMAppl\src\main\resources
2019-06-24 11:26:02,649 [Worker-127] INFO  o.e.m.c.i.embedder.EclipseLogger - Using 'UTF-8' encoding to copy filtered resources.
2019-06-24 11:26:02,664 [Worker-127] INFO  o.e.m.c.i.embedder.EclipseLogger - skip non existing resourceDirectory C:\Users\srinivas1\Desktop\May1030Batch\OrangeHRMAppl\src\test\resources
2019-06-24 11:28:01,653 [Worker-128] INFO  o.e.m.c.i.embedder.EclipseLogger - Using 'UTF-8' encoding to copy filtered resources.
2019-06-24 11:28:01,669 [Worker-128] INFO  o.e.m.c.i.embedder.EclipseLogger - skip non existing resourceDirectory C:\Users\srinivas1\Desktop\May1030Batch\OrangeHRMAppl\src\main\resources
2019-06-24 11:28:01,669 [Worker-128] INFO  o.e.m.c.i.embedder.EclipseLogger - Using 'UTF-8' encoding to copy filtered resources.
2019-06-24 11:28:01,685 [Worker-128] INFO  o.e.m.c.i.embedder.EclipseLogger - skip non existing resourceDirectory C:\Users\srinivas1\Desktop\May1030Batch\OrangeHRMAppl\src\test\resources
2019-06-25 10:20:08,595 [Worker-14] INFO  o.e.m.c.i.embedder.EclipseLogger - Using 'UTF-8' encoding to copy filtered resources.
2019-06-25 10:20:08,611 [Worker-14] INFO  o.e.m.c.i.embedder.EclipseLogger - skip non existing resourceDirectory C:\Users\srinivas1\Desktop\May1030Batch\NewTest\src\main\resources
2019-06-25 10:20:08,611 [Worker-14] INFO  o.e.m.c.i.embedder.EclipseLogger - Using 'UTF-8' encoding to copy filtered resources.
2019-06-25 10:20:08,611 [Worker-14] INFO  o.e.m.c.i.embedder.EclipseLogger - skip non existing resourceDirectory C:\Users\srinivas1\Desktop\May1030Batch\NewTest\src\test\resources
2019-06-25 10:20:13,941 [Worker-14] INFO  o.e.m.c.i.embedder.EclipseLogger - Using 'UTF-8' encoding to copy filtered resources.
2019-06-25 10:20:13,941 [Worker-14] INFO  o.e.m.c.i.embedder.EclipseLogger - skip non existing resourceDirectory C:\Users\srinivas1\Desktop\May1030Batch\OrangeHRMAppl\src\main\resources
2019-06-25 10:20:13,941 [Worker-14] INFO  o.e.m.c.i.embedder.EclipseLogger - Using 'UTF-8' encoding to copy filtered resources.
2019-06-25 10:20:13,941 [Worker-14] INFO  o.e.m.c.i.embedder.EclipseLogger - skip non existing resourceDirectory C:\Users\srinivas1\Desktop\May1030Batch\OrangeHRMAppl\src\test\resources
2019-06-29 09:01:46,433 [Worker-14] INFO  o.e.m.c.i.embedder.EclipseLogger - Using 'UTF-8' encoding to copy filtered resources.
2019-06-29 09:01:46,456 [Worker-14] INFO  o.e.m.c.i.embedder.EclipseLogger - skip non existing resourceDirectory C:\Users\srinivas1\Desktop\May1030Batch\NewTest\src\main\resources
2019-06-29 09:01:46,459 [Worker-14] INFO  o.e.m.c.i.embedder.EclipseLogger - Using 'UTF-8' encoding to copy filtered resources.
2019-06-29 09:01:46,460 [Worker-14] INFO  o.e.m.c.i.embedder.EclipseLogger - skip non existing resourceDirectory C:\Users\srinivas1\Desktop\May1030Batch\NewTest\src\test\resources
2019-06-29 09:01:57,532 [Worker-14] INFO  o.e.m.c.i.embedder.EclipseLogger - Using 'UTF-8' encoding to copy filtered resources.
2019-06-29 09:01:57,559 [Worker-14] INFO  o.e.m.c.i.embedder.EclipseLogger - skip non existing resourceDirectory C:\Users\srinivas1\Desktop\May1030Batch\OrangeHRMAppl\src\main\resources
2019-06-29 09:01:57,563 [Worker-14] INFO  o.e.m.c.i.embedder.EclipseLogger - Using 'UTF-8' encoding to copy filtered resources.
2019-06-29 09:01:57,564 [Worker-14] INFO  o.e.m.c.i.embedder.EclipseLogger - skip non existing resourceDirectory C:\Users\srinivas1\Desktop\May1030Batch\OrangeHRMAppl\src\test\resources
2019-06-29 09:55:17,146 [Worker-2] INFO  o.e.m.c.i.embedder.EclipseLogger - Using 'UTF-8' encoding to copy filtered resources.
2019-06-29 09:55:17,154 [Worker-2] INFO  o.e.m.c.i.embedder.EclipseLogger - skip non existing resourceDirectory C:\Users\srinivas1\Desktop\May1030Batch\NewTest\src\main\resources
2019-06-29 09:55:17,156 [Worker-2] INFO  o.e.m.c.i.embedder.EclipseLogger - Using 'UTF-8' encoding to copy filtered resources.
2019-06-29 09:55:17,156 [Worker-2] INFO  o.e.m.c.i.embedder.EclipseLogger - skip non existing resourceDirectory C:\Users\srinivas1\Desktop\May1030Batch\NewTest\src\test\resources
2019-06-29 09:55:23,938 [Worker-2] INFO  o.e.m.c.i.embedder.EclipseLogger - Using 'UTF-8' encoding to copy filtered resources.
2019-06-29 09:55:23,938 [Worker-2] INFO  o.e.m.c.i.embedder.EclipseLogger - skip non existing resourceDirectory C:\Users\srinivas1\Desktop\May1030Batch\OrangeHRMAppl\src\main\resources
2019-06-29 09:55:23,946 [Worker-2] INFO  o.e.m.c.i.embedder.EclipseLogger - Using 'UTF-8' encoding to copy filtered resources.
2019-06-29 09:55:23,946 [Worker-2] INFO  o.e.m.c.i.embedder.EclipseLogger - skip non existing resourceDirectory C:\Users\srinivas1\Desktop\May1030Batch\OrangeHRMAppl\src\test\resources
